This is TeX, Version 3.14159 (C version 6.1) (format=latex 98.2.23)  20 AUG 1999 12:51
**lanl81999
(lanl81999.tex
LaTeX2e <1995/12/01> patch level 1
Hyphenation patterns for english, german, loaded.
(/usr/local/teTeX/texmf/tex/latex/base/article.cls
Document Class: article 1995/12/20 v1.3q Standard LaTeX document class
(/usr/local/teTeX/texmf/tex/latex/base/size12.clo
File: size12.clo 1995/12/20 v1.3q Standard LaTeX file (size option)
)
\c@part=\count79
\c@section=\count80
\c@subsection=\count81
\c@subsubsection=\count82
\c@paragraph=\count83
\c@subparagraph=\count84
\c@figure=\count85
\c@table=\count86
\abovecaptionskip=\skip41
\belowcaptionskip=\skip42
\bibindent=\dimen102
)
(/usr/local/teTeX/texmf/tex/latex/graphics/graphics.sty
Package: graphics 1995/12/06 v0.7g Standard LaTeX Graphics (DPC,SPQR)

(/usr/local/teTeX/texmf/tex/latex/graphics/trig.sty
Package: trig 1994/10/16 v1.08 sin cos tan (DPC)
)
(/usr/local/teTeX/texmf/tex/latex/config/graphics.cfg)
Package graphics Info: Driver file: dvips.def on input line 82.

(/usr/local/teTeX/texmf/tex/latex/graphics/dvips.def
File: dvips.def 1995/12/04 v2.14 Driver-dependant file (DPC,SPQR)
))
(/usr/local/teTeX/texmf/tex/latex/graphics/color.sty
Package: color 1995/12/07 v0.3l Standard LaTeX Color (DPC)

(/usr/local/teTeX/texmf/tex/latex/config/color.cfg)
Package color Info: Driver file: dvips.def on input line 127.

(/usr/local/teTeX/texmf/tex/latex/graphics/dvipsnam.def
File: dvipsnam.def 1995/12/04 v2.14 Driver-dependant file (DPC,SPQR)
))
(/usr/local/teTeX/texmf/tex/latex/graphics/graphicx.sty
Package: graphicx 1995/12/06 v0.6h Enhanced LaTeX Graphics (DPC,SPQR)

(/usr/local/teTeX/texmf/tex/latex/graphics/keyval.sty
Package: keyval 1995/09/21 v1.09 key=value parser (DPC)
)
\Gin@req@height=\dimen103
\Gin@req@width=\dimen104
) (numbering.sty)
(/usr/local/teTeX/texmf/tex/latex/graphics/epsfig.sty
Package: epsfig 1995/06/23 v1.5 (e)psfig emulation (SPQR)
\epsfxsize=\dimen105
\epsfysize=\dimen106
) (lanl81999.aux)
LaTeX Font Info:    Checking defaults for OML/cmm/m/it on input line 19.
LaTeX Font Info:    ... okay on input line 19.
LaTeX Font Info:    Checking defaults for T1/cmr/m/n on input line 19.
LaTeX Font Info:    ... okay on input line 19.
LaTeX Font Info:    Checking defaults for OT1/cmr/m/n on input line 19.
LaTeX Font Info:    ... okay on input line 19.
LaTeX Font Info:    Checking defaults for OMS/cmsy/m/n on input line 19.
LaTeX Font Info:    ... okay on input line 19.
LaTeX Font Info:    Checking defaults for OMX/cmex/m/n on input line 19.
LaTeX Font Info:    ... okay on input line 19.
LaTeX Font Info:    Checking defaults for U/cmr/m/n on input line 19.
LaTeX Font Info:    ... okay on input line 19.

(title_outline.tex [1

]) (intro.tex [2]
LaTeX Font Info:    External font `cmex10' loaded for size
(Font)              <24.88> on input line 19.
LaTeX Font Info:    External font `cmex10' loaded for size
(Font)              <20.74> on input line 19.
LaTeX Font Info:    External font `cmex10' loaded for size
(Font)              <17.28> on input line 19.
 [3]) (proj_desc.tex [4] [5] [6]
Overfull \hbox (10.46027pt too wide) in paragraph at lines 98--99
[][]\OT1/cmr/bx/n/24.88 Uses MTL/BLAIS/Lapack/BLAS for
 []

[7]
Overfull \hbox (39.16437pt too wide) in paragraph at lines 123--124
[][]\OT1/cmr/bx/n/24.88 Package ver-i-fied by com-par-ing to known
 []


Overfull \hbox (22.57791pt too wide) in paragraph at lines 124--126
\OT1/cmr/bx/n/24.88 cel-er-ated with ``Mod-i-fied 4-Step'' DSA 
 []


Overfull \hbox (11.96057pt too wide) in paragraph at lines 127--128
[][]\OT1/cmr/bx/n/24.88 Currently test-ing re-usability of pack-
 []

) (results.tex [8]
Overfull \hbox (5.89706pt too wide) in paragraph at lines 24--25
[][]\OT1/cmr/bx/n/24.88 Verified the pack-age us-ing dis-cretiza-
 []

) (summary.tex [9]
Overfull \hbox (6.83485pt too wide) in paragraph at lines 19--20
[][]\OT1/cmr/bx/n/24.88 The pack-age has been ver-i-fied against
 []


Overfull \hbox (15.40463pt too wide) in paragraph at lines 20--22
\OT1/cmr/bx/n/24.88 cor-po-rated many mod-ern soft-ware en-
 []

) (future.tex [10]
Overfull \hbox (40.97574pt too wide) in paragraph at lines 29--31
[][]\OT1/cmr/bx/n/24.88 Complete doc-u-men-ta-tion and user man-
 []

) [11] (lanl81999.aux) ) 
Here is how much of TeX's memory you used:
 779 strings out of 10912
 9033 string characters out of 72308
 53077 words of memory out of 262141
 3638 multiletter control sequences out of 9500
 7646 words of font info for 27 fonts, out of 150000 for 255
 14 hyphenation exceptions out of 607
 25i,6n,21p,195b,272s stack positions out of 300i,40n,60p,3000b,4000s

Output written on lanl81999.dvi (11 pages, 10428 bytes).
