This is TeX, Version 3.14159 (C version 6.1) (format=latex 98.2.23)  27 AUG 1999 11:05
**lanl82699.tex
(lanl82699.tex
LaTeX2e <1995/12/01> patch level 1
Hyphenation patterns for english, german, loaded.
(/home/gulick/lib/tex/styles/rnote.cls
Document Class: rnote 1995/01/09 LANL Research Note Class, T.M. Evans
(/usr/local/teTeX/texmf/tex/latex/base/letter.cls
Document Class: letter 1995/07/06 v1.2s Standard LaTeX document class
(/usr/local/teTeX/texmf/tex/latex/base/size11.clo
File: size11.clo 1995/12/20 v1.3q Standard LaTeX file (size option)
)
\longindentation=\dimen102
\indentedwidth=\dimen103
\labelcount=\count79
)
\bibindent=\dimen104
\c@figure=\count80
\c@table=\count81
\abovecaptionskip=\skip41
\belowcaptionskip=\skip42
\c@section=\count82
\c@subsection=\count83
\c@subsubsection=\count84
)
(/usr/local/teTeX/texmf/tex/latex/amslatex/amsmath.sty
Package: amsmath 1995/02/23 v1.2b AMS math features
\@mathmargin=\skip43

(/usr/local/teTeX/texmf/tex/latex/amslatex/amstext.sty
Package: amstext 1995/01/25 v1.2

(/usr/local/teTeX/texmf/tex/latex/amslatex/amsgen.sty
File: amsgen.sty 1995/02/01 v1.2a
\@emptytoks=\toks15
\ex@=\dimen105
))
(/usr/local/teTeX/texmf/tex/latex/amslatex/amsbsy.sty
Package: amsbsy 1995/01/20 v1.2
\pmbraise@=\dimen106
)
(/usr/local/teTeX/texmf/tex/latex/amslatex/amsopn.sty
Package: amsopn 1995/02/20 v1.2a operator names
)
LaTeX Info: Redefining \frac on input line 180.
\uproot@=\count85
\leftroot@=\count86
\classnum@=\count87
\DOTSCASE@=\count88
LaTeX Info: Redefining \dots on input line 327.
LaTeX Info: Redefining \ldots on input line 410.
LaTeX Info: Redefining \cdots on input line 414.
\Mathstrutbox@=\box26
\strutbox@=\box27
\big@size=\dimen107
LaTeX Font Info:    Redeclaring font encoding OML on input line 492.
LaTeX Font Info:    Redeclaring font encoding OMS on input line 493.
\skewcharcount@=\count89
\familycount@=\count90
\pointcount@=\count91
\accentdimen@=\dimen108
\accentmu@=\count92
\minaw@=\dimen109
\c@MaxMatrixCols=\count93
\dotsspace@=\muskip10
\c@parentequation=\count94
\dspbrk@lvl=\count95
\tag@help=\toks16
\row@=\count96
\column@=\count97
\maxfields@=\count98
\andhelp@=\toks17
\eqnshift@=\dimen110
\alignsep@=\dimen111
\tagshift@=\dimen112
\tagwidth@=\dimen113
\totwidth@=\dimen114
\lineht@=\dimen115
\@envbody=\toks18
\multlinegap=\skip44
\multlinetaggap=\skip45
)
(/usr/local/teTeX/texmf/tex/latex/amsfonts/amssymb.sty
Package: amssymb 1995/02/01 v2.2a

(/usr/local/teTeX/texmf/tex/latex/amsfonts/amsfonts.sty
Package: amsfonts 1995/02/01 v2.2b
\symAMSa=\mathgroup4
\symAMSb=\mathgroup5
LaTeX Font Info:    Overwriting math alphabet `\mathfrak' in version `bold'
(Font)                  U/euf/m/n --> U/euf/b/n on input line 128.
))
(/home/gulick/lib/tex/styles/amsthm.sty
Package: amsthm 1996/10/24 v1.2d
\thm@style=\toks19
\thm@bodyfont=\toks20
\thm@headfont=\toks21
\thm@notefont=\toks22
\thm@headpunct=\toks23
\thm@preskip=\skip46
\thm@postskip=\skip47
)
(/usr/local/teTeX/texmf/tex/latex/graphics/graphicx.sty
Package: graphicx 1995/12/06 v0.6h Enhanced LaTeX Graphics (DPC,SPQR)

(/usr/local/teTeX/texmf/tex/latex/graphics/keyval.sty
Package: keyval 1995/09/21 v1.09 key=value parser (DPC)
)
(/usr/local/teTeX/texmf/tex/latex/graphics/graphics.sty
Package: graphics 1995/12/06 v0.7g Standard LaTeX Graphics (DPC,SPQR)

(/usr/local/teTeX/texmf/tex/latex/graphics/trig.sty
Package: trig 1994/10/16 v1.08 sin cos tan (DPC)
)
(/usr/local/teTeX/texmf/tex/latex/config/graphics.cfg)
Package graphics Info: Driver file: dvips.def on input line 82.

(/usr/local/teTeX/texmf/tex/latex/graphics/dvips.def
File: dvips.def 1995/12/04 v2.14 Driver-dependant file (DPC,SPQR)
))
\Gin@req@height=\dimen116
\Gin@req@width=\dimen117
)
(/usr/local/teTeX/texmf/tex/latex/amsfonts/euscript.sty
Package: euscript 1995/01/06 v2.2 Euler Script fonts
LaTeX Font Info:    Overwriting math alphabet `\EuScript' in version `bold'
(Font)                  U/eus/m/n --> U/eus/b/n on input line 47.
)
(/home/gulick/lib/tex/styles/tabularx.sty
Package: tabularx 1998/05/13 v2.06 `tabularx' package (DPC)

(/home/gulick/lib/tex/styles/array.sty
Package: array 1998/05/13 v2.3l Tabular extension package (FMi)
\col@sep=\dimen118
\extrarowheight=\dimen119
\NC@list=\toks24
\extratabsurround=\skip48
\backup@length=\skip49
)
\TX@col@width=\dimen120
\TX@old@table=\dimen121
\TX@old@col=\dimen122
\TX@target=\dimen123
\TX@delta=\dimen124
\TX@cols=\count99
\TX@ftn=\toks25
) (/home/gulick/lib/tex/styles/cite.sty) (lanl82699.aux)
LaTeX Font Info:    Checking defaults for OML/cmm/m/it on input line 27.
LaTeX Font Info:    ... okay on input line 27.
LaTeX Font Info:    Checking defaults for T1/cmr/m/n on input line 27.
LaTeX Font Info:    ... okay on input line 27.
LaTeX Font Info:    Checking defaults for OT1/cmr/m/n on input line 27.
LaTeX Font Info:    ... okay on input line 27.
LaTeX Font Info:    Checking defaults for OMS/cmsy/m/n on input line 27.
LaTeX Font Info:    ... okay on input line 27.
LaTeX Font Info:    Checking defaults for OMX/cmex/m/n on input line 27.
LaTeX Font Info:    ... okay on input line 27.
LaTeX Font Info:    Checking defaults for U/cmr/m/n on input line 27.
LaTeX Font Info:    ... okay on input line 27.
LaTeX Font Info:    Try loading font information for U+msa on input line 69.
 (/usr/local/teTeX/texmf/tex/latex/amsfonts/Umsa.fd
File: Umsa.fd 1995/01/05 v2.2e AMS font definitions
)
LaTeX Font Info:    Try loading font information for U+msb on input line 69.

(/usr/local/teTeX/texmf/tex/latex/amsfonts/Umsb.fd
File: Umsb.fd 1995/01/05 v2.2e AMS font definitions
)
Overfull \hbox (16.99544pt too wide) in paragraph at lines 69--69
[][] 
 []

[1

] [2] [3] (lanl82699.aux) ) 
Here is how much of TeX's memory you used:
 1557 strings out of 10912
 15943 string characters out of 72308
 64143 words of memory out of 262141
 4376 multiletter control sequences out of 9500
 12823 words of font info for 46 fonts, out of 150000 for 255
 14 hyphenation exceptions out of 607
 28i,11n,24p,313b,265s stack positions out of 300i,40n,60p,3000b,4000s

Output written on lanl82699.dvi (3 pages, 6552 bytes).
