This is TeX, Version 3.14159 (C version 6.1) (format=latex 98.2.23)  13 MAY 1998 16:00
**./images.tex
(images.tex
LaTeX2e <1995/12/01> patch level 1
Hyphenation patterns for english, german, loaded.

(/usr/local/teTeX/texmf/tex/latex/base/slides.cls
Document Class: slides 1995/12/01 v2.3s Standard LaTeX document class
(/usr/local/teTeX/texmf/tex/latex/base/slides.def
File: slides.def 1995/12/01 v2.3s SLiTeX definitions
hacks, slides,
\c@page=\count79
picture, mods,
\@smashboxa=\box26
\@smashboxb=\box27
\@smashboxc=\box28
output, init) (/usr/local/teTeX/texmf/tex/latex/base/sfonts.def
File: sfonts.def 1995/10/31 v2.1k Standard LaTeX slide font definitions
(/usr/local/teTeX/texmf/tex/latex/base/OT1lcmss.fd
File: OT1lcmss.fd 1995/10/31 v2.1k Standard LaTeX slide font definitions
))
\c@minutes=\count80
\c@seconds=\count81
\c@mv@invisible=\count82
LaTeX Font Info:    Overwriting symbol font `operators' in version `normal'
(Font)                  OT1/cmr/m/n --> OT1/lcmss/m/n on input line 407.
LaTeX Font Info:    Overwriting symbol font `letters' in version `normal'
(Font)                  OML/cmm/m/it --> OML/lcmm/m/it on input line 410.
LaTeX Font Info:    Overwriting symbol font `symbols' in version `normal'
(Font)                  OMS/cmsy/m/n --> OMS/lcmsy/m/n on input line 412.
LaTeX Font Info:    Overwriting symbol font `largesymbols' in version `normal'
(Font)                  OMX/cmex/m/n --> OMX/lcmex/m/n on input line 414.
LaTeX Font Info:    Overwriting symbol font `operators' in version `invisible'
(Font)                  OT1/cmr/m/n --> OT1/lcmss/m/In on input line 417.
LaTeX Font Info:    Overwriting symbol font `letters' in version `invisible'
(Font)                  OML/cmm/m/it --> OML/lcmm/m/Iit on input line 419.
LaTeX Font Info:    Overwriting symbol font `symbols' in version `invisible'
(Font)                  OMS/cmsy/m/n --> OMS/lcmsy/m/In on input line 421.
LaTeX Font Info:    Overwriting symbol font `largesymbols' in version `invisibl
e'
(Font)                  OMX/cmex/m/n --> OMX/lcmex/m/In on input line 423.
) (/usr/local/teTeX/texmf/tex/latex/graphics/color.sty
Package: color 1995/12/07 v0.3l Standard LaTeX Color (DPC)
(/usr/local/teTeX/texmf/tex/latex/config/color.cfg)
Package color Info: Driver file: dvips.def on input line 127.
(/usr/local/teTeX/texmf/tex/latex/graphics/dvips.def
File: dvips.def 1995/12/04 v2.14 Driver-dependant file (DPC,SPQR)
) (/usr/local/teTeX/texmf/tex/latex/graphics/dvipsnam.def
File: dvipsnam.def 1995/12/04 v2.14 Driver-dependant file (DPC,SPQR)
))
\sizebox=\box29
\lthtmlwrite=\write3
(images.aux)
LaTeX Font Info:    Checking defaults for OML/cmm/m/it on input line 75.
LaTeX Font Info:    ... okay on input line 75.
LaTeX Font Info:    Checking defaults for T1/cmr/m/n on input line 75.
LaTeX Font Info:    ... okay on input line 75.
LaTeX Font Info:    Checking defaults for OT1/lcmss/m/n on input line 75.
LaTeX Font Info:    ... okay on input line 75.
LaTeX Font Info:    Checking defaults for OMS/cmsy/m/n on input line 75.
LaTeX Font Info:    ... okay on input line 75.
LaTeX Font Info:    Checking defaults for OMX/cmex/m/n on input line 75.
LaTeX Font Info:    ... okay on input line 75.
LaTeX Font Info:    Checking defaults for U/cmr/m/n on input line 75.
LaTeX Font Info:    ... okay on input line 75.
latex2htmlLength hsize=349.0pt
latex2htmlLength vsize=647.0pt
latex2htmlLength hoffset=0.0pt
latex2htmlLength voffset=0.0pt
latex2htmlLength topmargin=0.0pt
latex2htmlLength topskip=0.00003pt
latex2htmlLength headheight=0.0pt
latex2htmlLength headsep=0.0pt
latex2htmlLength parskip=30.0pt plus 18.0pt minus 9.0pt
latex2htmlLength oddsidemargin=0.3775pt
latex2htmlLength evensidemargin=0.3775pt
LaTeX Font Info:    Try loading font information for OML+lcmm on input line 93.

(/usr/local/teTeX/texmf/tex/latex/base/OMLlcmm.fd
File: OMLlcmm.fd 1995/10/31 v2.1k Standard LaTeX slide font definitions
)
LaTeX Font Info:    Try loading font information for OMS+lcmsy on input line 93
.
(/usr/local/teTeX/texmf/tex/latex/base/OMSlcmsy.fd
File: OMSlcmsy.fd 1995/10/31 v2.1k Standard LaTeX slide font definitions
)
LaTeX Font Info:    Try loading font information for OMX+lcmex on input line 93
.
(/usr/local/teTeX/texmf/tex/latex/base/OMXlcmex.fd
File: OMXlcmex.fd 1995/10/31 v2.1k Standard LaTeX slide font definitions
)
LaTeX Font Info:    External font `cmex10 at17.28pt' loaded for size
(Font)              <19.907> on input line 93.
LaTeX Font Info:    External font `cmex10 at17.28pt' loaded for size
(Font)              <16.59> on input line 93.
LaTeX Font Info:    External font `cmex10 at17.28pt' loaded for size
(Font)              <13.82> on input line 93.
l2hSize :tex2html_wrap_inline20:15.55235pt::0.0pt::10.57573pt.
[0


]
0 minutes
(images.aux) ) 
Here is how much of TeX's memory you used:
 605 strings out of 10912
 7923 string characters out of 72308
 48004 words of memory out of 262141
 3504 multiletter control sequences out of 9500
 6609 words of font info for 24 fonts, out of 150000 for 255
 14 hyphenation exceptions out of 607
 20i,5n,19p,162b,167s stack positions out of 300i,40n,60p,3000b,4000s

Output written on images.dvi (1 page, 344 bytes).
